This is pdfTeXk, Version 3.1415926-1.40.9 (Web2C 7.5.7) (format=pdflatex 2009.3.31)  17 JUL 2009 10:07
entering extended mode
\write18 enabled.
 %&-line parsing enabled.
**TFCv0.tex
(./TFCv0.tex
LaTeX2e <2005/12/01>
Babel <v3.8l> and hyphenation patterns for english, usenglishmax, dumylang, noh
yphenation, german-x-2008-06-18, ngerman-x-2008-06-18, ancientgreek, ibycus, ar
abic, basque, bulgarian, catalan, pinyin, coptic, croatian, czech, danish, dutc
h, esperanto, estonian, farsi, finnish, french, galician, german, ngerman, mono
greek, greek, hungarian, icelandic, indonesian, interlingua, irish, italian, la
tin, lithuanian, mongolian, mongolian2a, bokmal, nynorsk, polish, portuguese, r
omanian, russian, sanskrit, serbian, slovak, slovenian, spanish, swedish, turki
sh, ukenglish, ukrainian, uppersorbian, welsh, loaded.
(/usr/local/texlive/2008/texmf-dist/tex/latex/base/book.cls
Document Class: book 2005/09/16 v1.4f Standard LaTeX document class
(/usr/local/texlive/2008/texmf-dist/tex/latex/base/bk10.clo
File: bk10.clo 2005/09/16 v1.4f Standard LaTeX file (size option)
)
\c@part=\count79
\c@chapter=\count80
\c@section=\count81
\c@subsection=\count82
\c@subsubsection=\count83
\c@paragraph=\count84
\c@subparagraph=\count85
\c@figure=\count86
\c@table=\count87
\abovecaptionskip=\skip41
\belowcaptionskip=\skip42
\bibindent=\dimen102
)
(/usr/local/texlive/2008/texmf-dist/tex/generic/babel/babel.sty
Package: babel 2008/07/06 v3.8l The Babel package

(/usr/local/texlive/2008/texmf-dist/tex/generic/babel/spanish.ldf
Language: spanish.ldf 2008/07/06 v5.0e Spanish support from the babel system

(/usr/local/texlive/2008/texmf-dist/tex/generic/babel/babel.def
File: babel.def 2008/07/06 v3.8l Babel common definitions
\babel@savecnt=\count88
\U@D=\dimen103
)
\es@datefmt=\count89
\es@quottoks=\toks14
\es@quotdepth=\count90
Package babel Info: Making " an active character on input line 490.
Package babel Info: Making . an active character on input line 583.
Package babel Info: Making < an active character on input line 628.
Package babel Info: Making > an active character on input line 628.
))
(/usr/local/texlive/2008/texmf-dist/tex/latex/base/inputenc.sty
Package: inputenc 2006/05/05 v1.1b Input encoding file
\inpenc@prehook=\toks15
\inpenc@posthook=\toks16

(/usr/local/texlive/2008/texmf-dist/tex/latex/base/latin1.def
File: latin1.def 2006/05/05 v1.1b Input encoding file
))
(/usr/local/texlive/2008/texmf-dist/tex/latex/graphics/graphicx.sty
Package: graphicx 1999/02/16 v1.0f Enhanced LaTeX Graphics (DPC,SPQR)

(/usr/local/texlive/2008/texmf-dist/tex/latex/graphics/keyval.sty
Package: keyval 1999/03/16 v1.13 key=value parser (DPC)
\KV@toks@=\toks17
)
(/usr/local/texlive/2008/texmf-dist/tex/latex/graphics/graphics.sty
Package: graphics 2006/02/20 v1.0o Standard LaTeX Graphics (DPC,SPQR)

(/usr/local/texlive/2008/texmf-dist/tex/latex/graphics/trig.sty
Package: trig 1999/03/16 v1.09 sin cos tan (DPC)
)
(/usr/local/texlive/2008/texmf/tex/latex/config/graphics.cfg
File: graphics.cfg 2007/01/18 v1.5 graphics configuration of teTeX/TeXLive
)
Package graphics Info: Driver file: pdftex.def on input line 90.

(/usr/local/texlive/2008/texmf-dist/tex/latex/pdftex-def/pdftex.def
File: pdftex.def 2008/09/08 v0.04l Graphics/color for pdfTeX
\Gread@gobject=\count91
))
\Gin@req@height=\dimen104
\Gin@req@width=\dimen105
)
(/usr/local/texlive/2008/texmf-dist/tex/latex/tools/dcolumn.sty
Package: dcolumn 2001/05/28 v1.06 decimal alignment package (DPC)

(/usr/local/texlive/2008/texmf-dist/tex/latex/tools/array.sty
Package: array 2005/08/23 v2.4b Tabular extension package (FMi)
\col@sep=\dimen106
\extrarowheight=\dimen107
\NC@list=\toks18
\extratabsurround=\skip43
\backup@length=\skip44
))
(/usr/local/texlive/2008/texmf-dist/tex/latex/colortbl/colortbl.sty
Package: colortbl 2001/02/13 v0.1j Color table columns (DPC)

(/usr/local/texlive/2008/texmf-dist/tex/latex/graphics/color.sty
Package: color 2005/11/14 v1.0j Standard LaTeX Color (DPC)

(/usr/local/texlive/2008/texmf/tex/latex/config/color.cfg
File: color.cfg 2007/01/18 v1.5 color configuration of teTeX/TeXLive
)
Package color Info: Driver file: pdftex.def on input line 130.
)
\everycr=\toks19
\minrowclearance=\skip45
)
(/usr/local/texlive/2008/texmf-dist/tex/latex/tools/longtable.sty
Package: longtable 2004/02/01 v4.11 Multi-page Table package (DPC)
\LTleft=\skip46
\LTright=\skip47
\LTpre=\skip48
\LTpost=\skip49
\LTchunksize=\count92
\LTcapwidth=\dimen108
\LT@head=\box26
\LT@firsthead=\box27
\LT@foot=\box28
\LT@lastfoot=\box29
\LT@cols=\count93
\LT@rows=\count94
\c@LT@tables=\count95
\c@LT@chunks=\count96
\LT@p@ftn=\toks20
)
(/usr/local/texlive/2008/texmf-dist/tex/latex/tools/tabularx.sty
Package: tabularx 1999/01/07 v2.07 `tabularx' package (DPC)
\TX@col@width=\dimen109
\TX@old@table=\dimen110
\TX@old@col=\dimen111
\TX@target=\dimen112
\TX@delta=\dimen113
\TX@cols=\count97
\TX@ftn=\toks21
) (./TFCv0.aux

LaTeX Warning: Label `fig:Inicio' multiply defined.


LaTeX Warning: Label `fig:iPhoneOS layers' multiply defined.


LaTeX Warning: Label `fig: Detail Table View' multiply defined.

)
\openout1 = `TFCv0.aux'.

LaTeX Font Info:    Checking defaults for OML/cmm/m/it on input line 12.
LaTeX Font Info:    ... okay on input line 12.
LaTeX Font Info:    Checking defaults for T1/cmr/m/n on input line 12.
LaTeX Font Info:    ... okay on input line 12.
LaTeX Font Info:    Checking defaults for OT1/cmr/m/n on input line 12.
LaTeX Font Info:    ... okay on input line 12.
LaTeX Font Info:    Checking defaults for OMS/cmsy/m/n on input line 12.
LaTeX Font Info:    ... okay on input line 12.
LaTeX Font Info:    Checking defaults for OMX/cmex/m/n on input line 12.
LaTeX Font Info:    ... okay on input line 12.
LaTeX Font Info:    Checking defaults for U/cmr/m/n on input line 12.
LaTeX Font Info:    ... okay on input line 12.
 (/usr/local/texlive/2008/texmf-dist/tex/context/base/supp-pdf.tex
[Loading MPS to PDF converter (version 2006.09.02).]
\scratchcounter=\count98
\scratchdimen=\dimen114
\scratchbox=\box30
\nofMPsegments=\count99
\nofMParguments=\count100
\everyMPshowfont=\toks22
\MPscratchCnt=\count101
\MPscratchDim=\dimen115
\MPnumerator=\count102
\everyMPtoPDFconversion=\toks23
) [1


{/usr/local/texlive/2008/texmf-var/fonts/map/pdftex/updmap/pdftex.map}]
[2

] (./TFCv0.toc
LaTeX Font Info:    External font `cmex10' loaded for size
(Font)              <7> on input line 4.
LaTeX Font Info:    External font `cmex10' loaded for size
(Font)              <5> on input line 4.
 [3])
\tf@toc=\write3
\openout3 = `TFCv0.toc'.

 [4]
Cap\'{\i }tulo 1.
[5

] [6

]
Cap\'{\i }tulo 2.
[7] <./images/SampleTrading1.png, id=30, 686.565pt x 213.79875pt>
File: ./images/SampleTrading1.png Graphic file (type png)

<use ./images/SampleTrading1.png>
<./images/SampleTrading2.png, id=31, 687.56876pt x 217.81375pt>
File: ./images/SampleTrading2.png Graphic file (type png)

<use ./images/SampleTrading2.png>

LaTeX Warning: `h' float specifier changed to `ht'.

[8 <./images/SampleTrading1.png (PNG copy)>] [9 <./images/SampleTrading2.png (P
NG copy)>] <./images/main_overview.jpg, id=38, 280.04625pt x 313.17pt>
File: ./images/main_overview.jpg Graphic file (type jpg)

<use ./images/main_overview.jpg> [10 <./images/main_overview.jpg>] [11]
[12

]
Cap\'{\i }tulo 3.
[13] [14

]
Cap\'{\i }tulo 4.
[15]
LaTeX Font Info:    Try loading font information for OMS+cmr on input line 177.

 (/usr/local/texlive/2008/texmf-dist/tex/latex/base/omscmr.fd
File: omscmr.fd 1999/05/25 v2.5h Standard LaTeX font definitions
)
LaTeX Font Info:    Font shape `OMS/cmr/m/n' in size <10> not available
(Font)              Font shape `OMS/cmsy/m/n' tried instead on input line 177.
 [16]
Cap\'{\i }tulo 5.
<./images/overview_systemlayers.jpg, id=63, 260.975pt x 153.57375pt>
File: ./images/overview_systemlayers.jpg Graphic file (type jpg)

<use ./images/overview_systemlayers.jpg>

LaTeX Warning: `h' float specifier changed to `ht'.

[17

] [18 <./images/overview_systemlayers.jpg>] [19] [20]
<./images/app_life_cycle.jpg, id=77, 579.16376pt x 430.60875pt>
File: ./images/app_life_cycle.jpg Graphic file (type jpg)

<use ./images/app_life_cycle.jpg>

LaTeX Warning: `h' float specifier changed to `ht'.

[21] [22 <./images/app_life_cycle.jpg>]
<./images/vc-areas.jpg, id=84, 355.3275pt x 363.3575pt>
File: ./images/vc-areas.jpg Graphic file (type jpg)

<use ./images/vc-areas.jpg>
Underfull \vbox (badness 4505) has occurred while \output is active []

 [23 <./images/vc-areas.jpg>]
<./images/tv_datamodel_top.jpg, id=88, 485.815pt x 292.09125pt>
File: ./images/tv_datamodel_top.jpg Graphic file (type jpg)

<use ./images/tv_datamodel_top.jpg>
<./images/tv_datamodel_middle.jpg, id=89, 591.20876pt x 464.73625pt>
File: ./images/tv_datamodel_middle.jpg Graphic file (type jpg)

<use ./images/tv_datamodel_middle.jpg>

LaTeX Warning: `h' float specifier changed to `ht'.

<./images/tv_datamodel_detail.jpg, id=90, 663.47874pt x 421.575pt>
File: ./images/tv_datamodel_detail.jpg Graphic file (type jpg)

<use ./images/tv_datamodel_detail.jpg>

LaTeX Warning: `h' float specifier changed to `ht'.

File: ./images/tv_datamodel_detail.jpg Graphic file (type jpg)
<use ./images/tv_datamodel_detail.jpg>

LaTeX Warning: `h' float specifier changed to `ht'.

[24 <./images/tv_datamodel_top.jpg>] [25 <./images/tv_datamodel_middle.jpg>]
[26 <./images/tv_datamodel_detail.jpg>] [27] [28]
Cap\'{\i }tulo 6.
<./images/architecture_stack.jpg, id=107, 373.395pt x 186.6975pt>
File: ./images/architecture_stack.jpg Graphic file (type jpg)

<use ./images/architecture_stack.jpg>

LaTeX Warning: `h' float specifier changed to `ht'.


Underfull \vbox (badness 4726) has occurred while \output is active []

 [29

]
Overfull \hbox (11.43306pt too wide) in paragraph at lines 468--469
[][] 
 []


Overfull \hbox (19.6978pt too wide) in paragraph at lines 473--473
[]\OT1/cmr/bx/n/14.4 Interpretaci^^Son XML de Bet-Fair a Co-coa Touch 
 []

[30 <./images/architecture_stack.jpg>]
Cap\'{\i }tulo 7.
[31

] (./TFCv0.aux)

LaTeX Warning: There were multiply-defined labels.

 ) 
Here is how much of TeX's memory you used:
 1976 strings out of 493876
 25870 string characters out of 1150568
 84577 words of memory out of 3000000
 5251 multiletter control sequences out of 10000+50000
 6723 words of font info for 24 fonts, out of 3000000 for 5000
 714 hyphenation exceptions out of 8191
 34i,10n,27p,792b,417s stack positions out of 5000i,500n,10000p,200000b,50000s
</usr/local/texlive/2008/texmf-dist/fonts/type1/bluesky/cm/cmbx10.pfb></usr/l
ocal/texlive/2008/texmf-dist/fonts/type1/bluesky/cm/cmbx12.pfb></usr/local/texl
ive/2008/texmf-dist/fonts/type1/bluesky/cm/cmr10.pfb></usr/local/texlive/2008/t
exmf-dist/fonts/type1/bluesky/cm/cmr12.pfb></usr/local/texlive/2008/texmf-dist/
fonts/type1/bluesky/cm/cmr17.pfb></usr/local/texlive/2008/texmf-dist/fonts/type
1/bluesky/cm/cmr5.pfb></usr/local/texlive/2008/texmf-dist/fonts/type1/bluesky/c
m/cmsl10.pfb></usr/local/texlive/2008/texmf-dist/fonts/type1/bluesky/cm/cmsy10.
pfb>
Output written on TFCv0.pdf (31 pages, 589596 bytes).
PDF statistics:
 144 PDF objects out of 1000 (max. 8388607)
 0 named destinations out of 1000 (max. 131072)
 51 words of extra memory for PDF output out of 10000 (max. 10000000)

